<?xml version="1.0" encoding="UTF-8"?>
<testsuite xmlns:xsi="http://www.w3.org/2001/XMLSchema-instance" xsi:noNamespaceSchemaLocation="https://maven.apache.org/surefire/maven-surefire-plugin/xsd/surefire-test-report.xsd" name="io.vertx.starter.TestMainVerticle" time="10.766" tests="1" errors="1" skipped="0" failures="0">
  <properties>
    <property name="gopherProxySet" value="false"/>
    <property name="awt.toolkit" value="sun.lwawt.macosx.LWCToolkit"/>
    <property name="java.specification.version" value="11"/>
    <property name="sun.cpu.isalist" value=""/>
    <property name="sun.jnu.encoding" value="UTF-8"/>
    <property name="java.class.path" value="/Users/valerieroske/Code/vertx-hello/target/test-classes:/Users/valerieroske/Code/vertx-hello/target/classes:/Users/valerieroske/.m2/repository/io/vertx/vertx-core/3.5.4/vertx-core-3.5.4.jar:/Users/valerieroske/.m2/repository/io/netty/netty-common/4.1.19.Final/netty-common-4.1.19.Final.jar:/Users/valerieroske/.m2/repository/io/netty/netty-buffer/4.1.19.Final/netty-buffer-4.1.19.Final.jar:/Users/valerieroske/.m2/repository/io/netty/netty-transport/4.1.19.Final/netty-transport-4.1.19.Final.jar:/Users/valerieroske/.m2/repository/io/netty/netty-handler/4.1.19.Final/netty-handler-4.1.19.Final.jar:/Users/valerieroske/.m2/repository/io/netty/netty-codec/4.1.19.Final/netty-codec-4.1.19.Final.jar:/Users/valerieroske/.m2/repository/io/netty/netty-handler-proxy/4.1.19.Final/netty-handler-proxy-4.1.19.Final.jar:/Users/valerieroske/.m2/repository/io/netty/netty-codec-socks/4.1.19.Final/netty-codec-socks-4.1.19.Final.jar:/Users/valerieroske/.m2/repository/io/netty/netty-codec-http/4.1.19.Final/netty-codec-http-4.1.19.Final.jar:/Users/valerieroske/.m2/repository/io/netty/netty-codec-http2/4.1.19.Final/netty-codec-http2-4.1.19.Final.jar:/Users/valerieroske/.m2/repository/io/netty/netty-resolver/4.1.19.Final/netty-resolver-4.1.19.Final.jar:/Users/valerieroske/.m2/repository/io/netty/netty-resolver-dns/4.1.19.Final/netty-resolver-dns-4.1.19.Final.jar:/Users/valerieroske/.m2/repository/io/netty/netty-codec-dns/4.1.19.Final/netty-codec-dns-4.1.19.Final.jar:/Users/valerieroske/.m2/repository/com/fasterxml/jackson/core/jackson-core/2.9.6/jackson-core-2.9.6.jar:/Users/valerieroske/.m2/repository/com/fasterxml/jackson/core/jackson-databind/2.9.6/jackson-databind-2.9.6.jar:/Users/valerieroske/.m2/repository/com/fasterxml/jackson/core/jackson-annotations/2.9.6/jackson-annotations-2.9.6.jar:/Users/valerieroske/.m2/repository/io/vertx/vertx-web/3.5.4/vertx-web-3.5.4.jar:/Users/valerieroske/.m2/repository/io/vertx/vertx-auth-common/3.5.4/vertx-auth-common-3.5.4.jar:/Users/valerieroske/.m2/repository/io/vertx/vertx-bridge-common/3.5.4/vertx-bridge-common-3.5.4.jar:/Users/valerieroske/.m2/repository/io/vertx/vertx-junit5/3.5.4/vertx-junit5-3.5.4.jar:/Users/valerieroske/.m2/repository/org/junit/jupiter/junit-jupiter-api/5.2.0/junit-jupiter-api-5.2.0.jar:/Users/valerieroske/.m2/repository/org/opentest4j/opentest4j/1.1.0/opentest4j-1.1.0.jar:/Users/valerieroske/.m2/repository/org/junit/platform/junit-platform-commons/1.2.0/junit-platform-commons-1.2.0.jar:/Users/valerieroske/.m2/repository/org/junit/jupiter/junit-jupiter-params/5.2.0/junit-jupiter-params-5.2.0.jar:/Users/valerieroske/.m2/repository/org/junit/platform/junit-platform-launcher/1.2.0/junit-platform-launcher-1.2.0.jar:/Users/valerieroske/.m2/repository/org/apiguardian/apiguardian-api/1.0.0/apiguardian-api-1.0.0.jar:/Users/valerieroske/.m2/repository/org/junit/platform/junit-platform-engine/1.2.0/junit-platform-engine-1.2.0.jar:"/>
    <property name="java.vm.vendor" value="Oracle Corporation"/>
    <property name="sun.arch.data.model" value="64"/>
    <property name="java.vendor.url" value="http://java.oracle.com/"/>
    <property name="user.timezone" value=""/>
    <property name="java.vm.specification.version" value="11"/>
    <property name="os.name" value="Mac OS X"/>
    <property name="sun.java.launcher" value="SUN_STANDARD"/>
    <property name="user.country" value="US"/>
    <property name="sun.boot.library.path" value="/Library/Java/JavaVirtualMachines/jdk-11.0.1.jdk/Contents/Home/lib"/>
    <property name="sun.java.command" value="/Users/valerieroske/Code/vertx-hello/target/surefire/surefirebooter1362801035306760407.jar /Users/valerieroske/Code/vertx-hello/target/surefire 2018-11-15T11-06-17_210-jvmRun1 surefire16765051725755469644tmp surefire_016140775550533285814tmp"/>
    <property name="http.nonProxyHosts" value="local|*.local|169.254/16|*.169.254/16"/>
    <property name="jdk.debug" value="release"/>
    <property name="surefire.test.class.path" value="/Users/valerieroske/Code/vertx-hello/target/test-classes:/Users/valerieroske/Code/vertx-hello/target/classes:/Users/valerieroske/.m2/repository/io/vertx/vertx-core/3.5.4/vertx-core-3.5.4.jar:/Users/valerieroske/.m2/repository/io/netty/netty-common/4.1.19.Final/netty-common-4.1.19.Final.jar:/Users/valerieroske/.m2/repository/io/netty/netty-buffer/4.1.19.Final/netty-buffer-4.1.19.Final.jar:/Users/valerieroske/.m2/repository/io/netty/netty-transport/4.1.19.Final/netty-transport-4.1.19.Final.jar:/Users/valerieroske/.m2/repository/io/netty/netty-handler/4.1.19.Final/netty-handler-4.1.19.Final.jar:/Users/valerieroske/.m2/repository/io/netty/netty-codec/4.1.19.Final/netty-codec-4.1.19.Final.jar:/Users/valerieroske/.m2/repository/io/netty/netty-handler-proxy/4.1.19.Final/netty-handler-proxy-4.1.19.Final.jar:/Users/valerieroske/.m2/repository/io/netty/netty-codec-socks/4.1.19.Final/netty-codec-socks-4.1.19.Final.jar:/Users/valerieroske/.m2/repository/io/netty/netty-codec-http/4.1.19.Final/netty-codec-http-4.1.19.Final.jar:/Users/valerieroske/.m2/repository/io/netty/netty-codec-http2/4.1.19.Final/netty-codec-http2-4.1.19.Final.jar:/Users/valerieroske/.m2/repository/io/netty/netty-resolver/4.1.19.Final/netty-resolver-4.1.19.Final.jar:/Users/valerieroske/.m2/repository/io/netty/netty-resolver-dns/4.1.19.Final/netty-resolver-dns-4.1.19.Final.jar:/Users/valerieroske/.m2/repository/io/netty/netty-codec-dns/4.1.19.Final/netty-codec-dns-4.1.19.Final.jar:/Users/valerieroske/.m2/repository/com/fasterxml/jackson/core/jackson-core/2.9.6/jackson-core-2.9.6.jar:/Users/valerieroske/.m2/repository/com/fasterxml/jackson/core/jackson-databind/2.9.6/jackson-databind-2.9.6.jar:/Users/valerieroske/.m2/repository/com/fasterxml/jackson/core/jackson-annotations/2.9.6/jackson-annotations-2.9.6.jar:/Users/valerieroske/.m2/repository/io/vertx/vertx-web/3.5.4/vertx-web-3.5.4.jar:/Users/valerieroske/.m2/repository/io/vertx/vertx-auth-common/3.5.4/vertx-auth-common-3.5.4.jar:/Users/valerieroske/.m2/repository/io/vertx/vertx-bridge-common/3.5.4/vertx-bridge-common-3.5.4.jar:/Users/valerieroske/.m2/repository/io/vertx/vertx-junit5/3.5.4/vertx-junit5-3.5.4.jar:/Users/valerieroske/.m2/repository/org/junit/jupiter/junit-jupiter-api/5.2.0/junit-jupiter-api-5.2.0.jar:/Users/valerieroske/.m2/repository/org/opentest4j/opentest4j/1.1.0/opentest4j-1.1.0.jar:/Users/valerieroske/.m2/repository/org/junit/platform/junit-platform-commons/1.2.0/junit-platform-commons-1.2.0.jar:/Users/valerieroske/.m2/repository/org/junit/jupiter/junit-jupiter-params/5.2.0/junit-jupiter-params-5.2.0.jar:/Users/valerieroske/.m2/repository/org/junit/platform/junit-platform-launcher/1.2.0/junit-platform-launcher-1.2.0.jar:/Users/valerieroske/.m2/repository/org/apiguardian/apiguardian-api/1.0.0/apiguardian-api-1.0.0.jar:/Users/valerieroske/.m2/repository/org/junit/platform/junit-platform-engine/1.2.0/junit-platform-engine-1.2.0.jar:"/>
    <property name="sun.cpu.endian" value="little"/>
    <property name="user.home" value="/Users/valerieroske"/>
    <property name="user.language" value="en"/>
    <property name="java.specification.vendor" value="Oracle Corporation"/>
    <property name="java.version.date" value="2018-10-16"/>
    <property name="java.home" value="/Library/Java/JavaVirtualMachines/jdk-11.0.1.jdk/Contents/Home"/>
    <property name="file.separator" value="/"/>
    <property name="basedir" value="/Users/valerieroske/Code/vertx-hello"/>
    <property name="java.vm.compressedOopsMode" value="Zero based"/>
    <property name="line.separator" value="&#10;"/>
    <property name="java.specification.name" value="Java Platform API Specification"/>
    <property name="java.vm.specification.vendor" value="Oracle Corporation"/>
    <property name="java.awt.graphicsenv" value="sun.awt.CGraphicsEnvironment"/>
    <property name="surefire.real.class.path" value="/Users/valerieroske/Code/vertx-hello/target/surefire/surefirebooter1362801035306760407.jar"/>
    <property name="sun.management.compiler" value="HotSpot 64-Bit Tiered Compilers"/>
    <property name="ftp.nonProxyHosts" value="local|*.local|169.254/16|*.169.254/16"/>
    <property name="java.runtime.version" value="11.0.1+13-LTS"/>
    <property name="user.name" value="valerieroske"/>
    <property name="path.separator" value=":"/>
    <property name="os.version" value="10.13.6"/>
    <property name="java.runtime.name" value="Java(TM) SE Runtime Environment"/>
    <property name="file.encoding" value="UTF-8"/>
    <property name="java.vm.name" value="Java HotSpot(TM) 64-Bit Server VM"/>
    <property name="java.vendor.version" value="18.9"/>
    <property name="localRepository" value="/Users/valerieroske/.m2/repository"/>
    <property name="java.vendor.url.bug" value="http://bugreport.java.com/bugreport/"/>
    <property name="java.io.tmpdir" value="/var/folders/c8/wpb36bqs55v9vrpnwfc31dww0000gn/T/"/>
    <property name="idea.version" value="2018.2.5"/>
    <property name="java.version" value="11.0.1"/>
    <property name="user.dir" value="/Users/valerieroske/Code/vertx-hello"/>
    <property name="os.arch" value="x86_64"/>
    <property name="java.vm.specification.name" value="Java Virtual Machine Specification"/>
    <property name="java.awt.printerjob" value="sun.lwawt.macosx.CPrinterJob"/>
    <property name="sun.os.patch.level" value="unknown"/>
    <property name="java.library.path" value="/Users/valerieroske/Library/Java/Extensions:/Library/Java/Extensions:/Network/Library/Java/Extensions:/System/Library/Java/Extensions:/usr/lib/java:."/>
    <property name="java.vendor" value="Oracle Corporation"/>
    <property name="java.vm.info" value="mixed mode"/>
    <property name="java.vm.version" value="11.0.1+13-LTS"/>
    <property name="sun.io.unicode.encoding" value="UnicodeBig"/>
    <property name="java.class.version" value="55.0"/>
    <property name="socksNonProxyHosts" value="local|*.local|169.254/16|*.169.254/16"/>
  </properties>
  <testcase name="start_http_server{Vertx, VertxTestContext}" classname="io.vertx.starter.TestMainVerticle" time="10.761">
    <error message="The test execution timed out" type="java.util.concurrent.TimeoutException">java.util.concurrent.TimeoutException: The test execution timed out
</error>
    <system-err><![CDATA[Nov 15, 2018 11:06:20 AM io.vertx.core.http.impl.HttpClientRequestImpl
SEVERE: io.netty.channel.AbstractChannel$AnnotatedConnectException: Connection refused: localhost/127.0.0.1:8080
]]></system-err>
  </testcase>
</testsuite>